{"C:\\Users\\Pooja\\Desktop\\shopping-cart\\add-to-cart.js": {"path":"C:\\Users\\Pooja\\Desktop\\shopping-cart\\add-to-cart.js","statementMap":{"0":{"start":{"line":1,"column":23},"end":{"line":1,"column":53}},"1":{"start":{"line":2,"column":28},"end":{"line":2,"column":62}},"2":{"start":{"line":5,"column":18},"end":{"line":5,"column":59}},"3":{"start":{"line":6,"column":2},"end":{"line":8,"column":3}},"4":{"start":{"line":7,"column":4},"end":{"line":7,"column":53}},"5":{"start":{"line":11,"column":2},"end":{"line":16,"column":3}},"6":{"start":{"line":12,"column":29},"end":{"line":12,"column":31}},"7":{"start":{"line":13,"column":4},"end":{"line":13,"column":68}},"8":{"start":{"line":14,"column":37},"end":{"line":14,"column":74}},"9":{"start":{"line":15,"column":4},"end":{"line":15,"column":54}},"10":{"start":{"line":18,"column":29},"end":{"line":18,"column":34}},"11":{"start":{"line":20,"column":2},"end":{"line":25,"column":5}},"12":{"start":{"line":21,"column":4},"end":{"line":24,"column":5}},"13":{"start":{"line":22,"column":6},"end":{"line":22,"column":34}},"14":{"start":{"line":23,"column":6},"end":{"line":23,"column":41}},"15":{"start":{"line":27,"column":2},"end":{"line":29,"column":3}},"16":{"start":{"line":28,"column":4},"end":{"line":28,"column":73}},"17":{"start":{"line":31,"column":35},"end":{"line":31,"column":77}},"18":{"start":{"line":32,"column":2},"end":{"line":32,"column":75}},"19":{"start":{"line":34,"column":0},"end":{"line":34,"column":27}}},"fnMap":{"0":{"name":"addToCart","decl":{"start":{"line":4,"column":9},"end":{"line":4,"column":18}},"loc":{"start":{"line":4,"column":49},"end":{"line":33,"column":1}},"line":4},"1":{"name":"(anonymous_1)","decl":{"start":{"line":20,"column":28},"end":{"line":20,"column":29}},"loc":{"start":{"line":20,"column":41},"end":{"line":25,"column":3}},"line":20}},"branchMap":{"0":{"loc":{"start":{"line":4,"column":36},"end":{"line":4,"column":47}},"type":"default-arg","locations":[{"start":{"line":4,"column":43},"end":{"line":4,"column":47}}],"line":4},"1":{"loc":{"start":{"line":6,"column":2},"end":{"line":8,"column":3}},"type":"if","locations":[{"start":{"line":6,"column":2},"end":{"line":8,"column":3}},{"start":{"line":6,"column":2},"end":{"line":8,"column":3}}],"line":6},"2":{"loc":{"start":{"line":11,"column":2},"end":{"line":16,"column":3}},"type":"if","locations":[{"start":{"line":11,"column":2},"end":{"line":16,"column":3}},{"start":{"line":11,"column":2},"end":{"line":16,"column":3}}],"line":11},"3":{"loc":{"start":{"line":21,"column":4},"end":{"line":24,"column":5}},"type":"if","locations":[{"start":{"line":21,"column":4},"end":{"line":24,"column":5}},{"start":{"line":21,"column":4},"end":{"line":24,"column":5}}],"line":21},"4":{"loc":{"start":{"line":27,"column":2},"end":{"line":29,"column":3}},"type":"if","locations":[{"start":{"line":27,"column":2},"end":{"line":29,"column":3}},{"start":{"line":27,"column":2},"end":{"line":29,"column":3}}],"line":27}},"s":{"0":1,"1":1,"2":6,"3":6,"4":1,"5":5,"6":3,"7":3,"8":3,"9":3,"10":2,"11":2,"12":2,"13":1,"14":1,"15":2,"16":1,"17":2,"18":2,"19":1},"f":{"0":6,"1":2},"b":{"0":[4],"1":[1,5],"2":[3,2],"3":[1,1],"4":[1,1]},"_coverageSchema":"1a1c01bbd47fc00a2c39e90264f33305004495a9","hash":"fa4e4a7e12adc15813377acbf83813d368217698"}
,"C:\\Users\\Pooja\\Desktop\\shopping-cart\\calculate-cart-amount.js": {"path":"C:\\Users\\Pooja\\Desktop\\shopping-cart\\calculate-cart-amount.js","statementMap":{"0":{"start":{"line":2,"column":2},"end":{"line":6,"column":4}},"1":{"start":{"line":10,"column":19},"end":{"line":10,"column":20}},"2":{"start":{"line":11,"column":17},"end":{"line":11,"column":18}},"3":{"start":{"line":13,"column":2},"end":{"line":15,"column":3}},"4":{"start":{"line":14,"column":4},"end":{"line":14,"column":45}},"5":{"start":{"line":17,"column":2},"end":{"line":24,"column":4}},"6":{"start":{"line":20,"column":26},"end":{"line":20,"column":71}},"7":{"start":{"line":26,"column":2},"end":{"line":29,"column":3}},"8":{"start":{"line":27,"column":4},"end":{"line":27,"column":62}},"9":{"start":{"line":28,"column":4},"end":{"line":28,"column":75}},"10":{"start":{"line":31,"column":2},"end":{"line":31,"column":34}},"11":{"start":{"line":34,"column":0},"end":{"line":34,"column":37}}},"fnMap":{"0":{"name":"roundNumber","decl":{"start":{"line":1,"column":9},"end":{"line":1,"column":20}},"loc":{"start":{"line":1,"column":37},"end":{"line":7,"column":1}},"line":1},"1":{"name":"calculateCartAmount","decl":{"start":{"line":9,"column":9},"end":{"line":9,"column":28}},"loc":{"start":{"line":9,"column":52},"end":{"line":32,"column":1}},"line":9},"2":{"name":"(anonymous_2)","decl":{"start":{"line":20,"column":8},"end":{"line":20,"column":9}},"loc":{"start":{"line":20,"column":26},"end":{"line":20,"column":71}},"line":20}},"branchMap":{"0":{"loc":{"start":{"line":9,"column":29},"end":{"line":9,"column":50}},"type":"default-arg","locations":[{"start":{"line":9,"column":48},"end":{"line":9,"column":50}}],"line":9},"1":{"loc":{"start":{"line":13,"column":2},"end":{"line":15,"column":3}},"type":"if","locations":[{"start":{"line":13,"column":2},"end":{"line":15,"column":3}},{"start":{"line":13,"column":2},"end":{"line":15,"column":3}}],"line":13},"2":{"loc":{"start":{"line":26,"column":2},"end":{"line":29,"column":3}},"type":"if","locations":[{"start":{"line":26,"column":2},"end":{"line":29,"column":3}},{"start":{"line":26,"column":2},"end":{"line":29,"column":3}}],"line":26}},"s":{"0":2,"1":9,"2":9,"3":9,"4":1,"5":8,"6":10,"7":8,"8":2,"9":2,"10":8,"11":2},"f":{"0":2,"1":9,"2":10},"b":{"0":[1],"1":[1,8],"2":[2,6]},"_coverageSchema":"1a1c01bbd47fc00a2c39e90264f33305004495a9","hash":"d6c771c386e066a2fce4ba6bf450e19679d9f971"}
,"C:\\Users\\Pooja\\Desktop\\shopping-cart\\get-all-products.js": {"path":"C:\\Users\\Pooja\\Desktop\\shopping-cart\\get-all-products.js","statementMap":{"0":{"start":{"line":2,"column":24},"end":{"line":13,"column":3}},"1":{"start":{"line":15,"column":2},"end":{"line":15,"column":23}},"2":{"start":{"line":18,"column":0},"end":{"line":18,"column":32}}},"fnMap":{"0":{"name":"getAllProducts","decl":{"start":{"line":1,"column":9},"end":{"line":1,"column":23}},"loc":{"start":{"line":1,"column":26},"end":{"line":16,"column":1}},"line":1}},"branchMap":{},"s":{"0":10,"1":10,"2":3},"f":{"0":10},"b":{},"_coverageSchema":"1a1c01bbd47fc00a2c39e90264f33305004495a9","hash":"bb51b4367f41af4a689cf217b98ee4c573e07505"}
,"C:\\Users\\Pooja\\Desktop\\shopping-cart\\get-product-by-Id.js": {"path":"C:\\Users\\Pooja\\Desktop\\shopping-cart\\get-product-by-Id.js","statementMap":{"0":{"start":{"line":1,"column":23},"end":{"line":1,"column":52}},"1":{"start":{"line":4,"column":19},"end":{"line":4,"column":35}},"2":{"start":{"line":5,"column":18},"end":{"line":5,"column":77}},"3":{"start":{"line":5,"column":45},"end":{"line":5,"column":76}},"4":{"start":{"line":6,"column":2},"end":{"line":6,"column":17}},"5":{"start":{"line":9,"column":0},"end":{"line":9,"column":32}}},"fnMap":{"0":{"name":"getProductById","decl":{"start":{"line":3,"column":9},"end":{"line":3,"column":23}},"loc":{"start":{"line":3,"column":35},"end":{"line":7,"column":1}},"line":3},"1":{"name":"(anonymous_1)","decl":{"start":{"line":5,"column":32},"end":{"line":5,"column":33}},"loc":{"start":{"line":5,"column":45},"end":{"line":5,"column":76}},"line":5}},"branchMap":{},"s":{"0":2,"1":9,"2":9,"3":13,"4":9,"5":2},"f":{"0":9,"1":13},"b":{},"_coverageSchema":"1a1c01bbd47fc00a2c39e90264f33305004495a9","hash":"be5d521e060a4b5d32b7cd038e91a642a41366f9"}
}
