TN:
SF:add-to-cart.js
FN:4,addToCart
FN:20,(anonymous_1)
FNF:2
FNH:2
FNDA:6,addToCart
FNDA:2,(anonymous_1)
DA:1,1
DA:2,1
DA:5,6
DA:6,6
DA:7,1
DA:11,5
DA:12,3
DA:13,3
DA:14,3
DA:15,3
DA:18,2
DA:20,2
DA:21,2
DA:22,1
DA:23,1
DA:27,2
DA:28,1
DA:31,2
DA:32,2
DA:34,1
LF:20
LH:20
BRDA:4,0,0,4
BRDA:6,1,0,1
BRDA:6,1,1,5
BRDA:11,2,0,3
BRDA:11,2,1,2
BRDA:21,3,0,1
BRDA:21,3,1,1
BRDA:27,4,0,1
BRDA:27,4,1,1
BRF:9
BRH:9
end_of_record
TN:
SF:calculate-cart-amount.js
FN:1,roundNumber
FN:9,calculateCartAmount
FN:20,(anonymous_2)
FNF:3
FNH:3
FNDA:2,roundNumber
FNDA:9,calculateCartAmount
FNDA:10,(anonymous_2)
DA:2,2
DA:10,9
DA:11,9
DA:13,9
DA:14,1
DA:17,8
DA:20,10
DA:26,8
DA:27,2
DA:28,2
DA:31,8
DA:34,2
LF:12
LH:12
BRDA:9,0,0,1
BRDA:13,1,0,1
BRDA:13,1,1,8
BRDA:26,2,0,2
BRDA:26,2,1,6
BRF:5
BRH:5
end_of_record
TN:
SF:get-all-products.js
FN:1,getAllProducts
FNF:1
FNH:1
FNDA:10,getAllProducts
DA:2,10
DA:15,10
DA:18,3
LF:3
LH:3
BRF:0
BRH:0
end_of_record
TN:
SF:get-product-by-Id.js
FN:3,getProductById
FN:5,(anonymous_1)
FNF:2
FNH:2
FNDA:9,getProductById
FNDA:13,(anonymous_1)
DA:1,2
DA:4,9
DA:5,13
DA:6,9
DA:9,2
LF:5
LH:5
BRF:0
BRH:0
end_of_record
